#
# There is insufficient memory for the Java Runtime Environment to continue.
# Native memory allocation (mmap) failed to map 123731968 bytes for G1 virtual space
# Possible reasons:
#   The system is out of physical RAM or swap space
#   The process is running with CompressedOops enabled, and the Java Heap may be blocking the growth of the native heap
# Possible solutions:
#   Reduce memory load on the system
#   Increase physical memory or swap space
#   Check if swap backing store is full
#   Decrease Java heap size (-Xmx/-Xms)
#   Decrease number of Java threads
#   Decrease Java thread stack sizes (-Xss)
#   Set larger code cache with -XX:ReservedCodeCacheSize=
#   JVM is running with Unscaled Compressed Oops mode in which the Java heap is
#     placed in the first 4GB address space. The Java Heap base address is the
#     maximum limit for the native heap growth. Please use -XX:HeapBaseMinAddress
#     to set the Java Heap base and to place the Java Heap above 4GB virtual address.
# This output file may be truncated or incomplete.
#
#  Out of Memory Error (os_windows.cpp:3530), pid=9036, tid=38188
#
# JRE version:  (18.0+36) (build )
# Java VM: Java HotSpot(TM) 64-Bit Server VM (18+36-2087, mixed mode, sharing, tiered, compressed oops, compressed class ptrs, g1 gc, windows-amd64)
# No core dump will be written. Minidumps are not enabled by default on client versions of Windows
#

---------------  S U M M A R Y ------------

Command Line: -javaagent:C:\Program Files\JetBrains\IntelliJ IDEA Educational Edition 2022.2.2\lib\idea_rt.jar=62278:C:\Program Files\JetBrains\IntelliJ IDEA Educational Edition 2022.2.2\bin -Dfile.encoding=UTF-8 -Dsun.stdout.encoding=UTF-8 -Dsun.stderr.encoding=UTF-8 com.dsa.array.slindingWindow.RemoveDuplicateSequncy

Host: AMD Ryzen 5 5600H with Radeon Graphics         , 12 cores, 7G,  Windows 11 , 64 bit Build 26100 (10.0.26100.8246)
Time: Wed May 27 00:53:22 2026 India Standard Time elapsed time: 1.075829 seconds (0d 0h 0m 1s)

---------------  T H R E A D  ---------------

Current thread (0x00000296157d2780):  JavaThread "Unknown thread" [_thread_in_vm, id=38188, stack(0x000000da24600000,0x000000da24700000)]

Stack: [0x000000da24600000,0x000000da24700000]
Native frames: (J=compiled Java code, j=interpreted, Vv=VM code, C=native code)
V  [jvm.dll+0x69804a]
V  [jvm.dll+0x7f308d]
V  [jvm.dll+0x7f499e]
V  [jvm.dll+0x7f5053]
V  [jvm.dll+0x25ca3f]
V  [jvm.dll+0x694f99]
V  [jvm.dll+0x689aca]
V  [jvm.dll+0x321efb]
V  [jvm.dll+0x3298d6]
V  [jvm.dll+0x37e47e]
V  [jvm.dll+0x37e6af]
V  [jvm.dll+0x2f9c7a]
V  [jvm.dll+0x2facdd]
V  [jvm.dll+0x7c1cc0]
V  [jvm.dll+0x38b801]
V  [jvm.dll+0x7a09d3]
V  [jvm.dll+0x40d6bf]
V  [jvm.dll+0x40f091]
C  [jli.dll+0x526b]
C  [ucrtbase.dll+0x37b0]
C  [KERNEL32.DLL+0x2e8d7]
C  [ntdll.dll+0x8c3fc]


---------------  P R O C E S S  ---------------

Threads class SMR info:
_java_thread_list=0x00007ff97d6fe550, length=0, elements={
}

Java Threads: ( => current thread )

Other Threads:
  0x000002961582e9c0 WorkerThread "GC Thread#0" [stack: 0x000000da24700000,0x000000da24800000] [id=51572]
  0x00000296158404a0 ConcurrentGCThread "G1 Main Marker" [stack: 0x000000da24800000,0x000000da24900000] [id=20880]
  0x00000296158427b0 WorkerThread "G1 Conc#0" [stack: 0x000000da24900000,0x000000da24a00000] [id=40232]

[error occurred during error reporting (printing all threads), id 0xc0000005, EXCEPTION_ACCESS_VIOLATION (0xc0000005) at pc=0x00007ff97cf2a217]

VM state: not at safepoint (not fully initialized)

VM Mutex/Monitor currently owned by a thread:  ([mutex/lock_event])
[0x00000296157cea50] Heap_lock - owner thread: 0x00000296157d2780

Heap address: 0x000000008a600000, size: 1882 MB, Compressed Oops mode: 32-bit

CDS archive(s) mapped at: [0x0000000000000000-0x0000000000000000-0x0000000000000000), size 0, SharedBaseAddress: 0x0000000800000000, ArchiveRelocationMode: 0.
Narrow klass base: 0x0000000000000000, Narrow klass shift: 0, Narrow klass range: 0x0

GC Precious Log:
 CardTable entry size: 512
 Card Set container configuration: InlinePtr #cards 5 size 8 Array Of Cards #cards 12 size 40 Howl #buckets 4 coarsen threshold 1843 Howl Bitmap #cards 512 size 80 coarsen threshold 460 Card regions per heap region 1 cards per card region 2048

Heap:
 garbage-first heap   total 0K, used 0K [0x000000008a600000, 0x0000000100000000)
  region size 1024K, 0 young (0K), 0 survivors (0K)

[error occurred during error reporting (printing heap information), id 0xc0000005, EXCEPTION_ACCESS_VIOLATION (0xc0000005) at pc=0x00007ff97d310489]

GC Heap History (0 events):
No events

Deoptimization events (0 events):
No events

Classes loaded (0 events):
No events

Classes unloaded (0 events):
No events

Classes redefined (0 events):
No events

Internal exceptions (0 events):
No events

VM Operations (0 events):
No events

Events (1 events):
Event: 0.010 Loaded shared library C:\Program Files\Java\jdk-18\bin\java.dll


Dynamic libraries:
0x00007ff6fd6b0000 - 0x00007ff6fd6c0000 	C:\Program Files\Java\jdk-18\bin\java.exe
0x00007ffa02b80000 - 0x00007ffa02de7000 	C:\WINDOWS\SYSTEM32\ntdll.dll
0x00007ffa00c80000 - 0x00007ffa00d49000 	C:\WINDOWS\System32\KERNEL32.DLL
0x00007ffa00510000 - 0x00007ffa00904000 	C:\WINDOWS\System32\KERNELBASE.dll
0x00007ff9ffa60000 - 0x00007ff9ffbab000 	C:\WINDOWS\System32\ucrtbase.dll
0x00007ff9fbf10000 - 0x00007ff9fbf2a000 	C:\Program Files\Java\jdk-18\bin\VCRUNTIME140.dll
0x00007ff9fbcd0000 - 0x00007ff9fbce8000 	C:\Program Files\Java\jdk-18\bin\jli.dll
0x00007ffa027d0000 - 0x00007ffa02886000 	C:\WINDOWS\System32\ADVAPI32.dll
0x00007ffa02720000 - 0x00007ffa027c9000 	C:\WINDOWS\System32\msvcrt.dll
0x00007ffa02530000 - 0x00007ffa025d7000 	C:\WINDOWS\System32\sechost.dll
0x00007ffa00b00000 - 0x00007ffa00c18000 	C:\WINDOWS\System32\RPCRT4.dll
0x00007ffa00d50000 - 0x00007ffa00f15000 	C:\WINDOWS\System32\USER32.dll
0x00007ff9ffbb0000 - 0x00007ff9ffbd7000 	C:\WINDOWS\System32\win32u.dll
0x00007ff9e4f70000 - 0x00007ff9e5203000 	C:\WINDOWS\WinSxS\amd64_microsoft.windows.common-controls_6595b64144ccf1df_6.0.26100.8115_none_3e075c82e3354f9c\COMCTL32.dll
0x00007ffa01ec0000 - 0x00007ffa01eeb000 	C:\WINDOWS\System32\GDI32.dll
0x00007ff9ff930000 - 0x00007ff9ffa5b000 	C:\WINDOWS\System32\gdi32full.dll
0x00007ff9ff450000 - 0x00007ff9ff4f3000 	C:\WINDOWS\System32\msvcp_win.dll
0x00007ff9f9fe0000 - 0x00007ff9f9feb000 	C:\WINDOWS\SYSTEM32\VERSION.dll
0x00007ffa024f0000 - 0x00007ffa02522000 	C:\WINDOWS\System32\IMM32.DLL
0x00007ff9fc240000 - 0x00007ff9fc24c000 	C:\Program Files\Java\jdk-18\bin\vcruntime140_1.dll
0x00007ff9f2d70000 - 0x00007ff9f2dfd000 	C:\Program Files\Java\jdk-18\bin\msvcp140.dll
0x00007ff97cc20000 - 0x00007ff97d831000 	C:\Program Files\Java\jdk-18\bin\server\jvm.dll
0x00007ffa01da0000 - 0x00007ffa01da8000 	C:\WINDOWS\System32\PSAPI.DLL
0x00007ff9f9fa0000 - 0x00007ff9f9fd6000 	C:\WINDOWS\SYSTEM32\WINMM.dll
0x00007ff9f0580000 - 0x00007ff9f058a000 	C:\WINDOWS\SYSTEM32\WSOCK32.dll
0x00007ffa02460000 - 0x00007ffa024e0000 	C:\WINDOWS\System32\WS2_32.dll
0x00007ff9fe1c0000 - 0x00007ff9fe1db000 	C:\WINDOWS\SYSTEM32\kernel.appcore.dll
0x00007ff9fbda0000 - 0x00007ff9fbdaa000 	C:\Program Files\Java\jdk-18\bin\jimage.dll
0x00007ff9fd050000 - 0x00007ff9fd292000 	C:\WINDOWS\SYSTEM32\DBGHELP.DLL
0x00007ffa01ef0000 - 0x00007ffa02272000 	C:\WINDOWS\System32\combase.dll
0x00007ffa01db0000 - 0x00007ffa01e88000 	C:\WINDOWS\System32\OLEAUT32.dll
0x00007ff9f3700000 - 0x00007ff9f373b000 	C:\WINDOWS\SYSTEM32\dbgcore.DLL
0x00007ff9ff880000 - 0x00007ff9ff925000 	C:\WINDOWS\System32\bcryptPrimitives.dll
0x00007ff9fb9c0000 - 0x00007ff9fb9ce000 	C:\Program Files\Java\jdk-18\bin\instrument.dll
0x00007ff9fb990000 - 0x00007ff9fb9b5000 	C:\Program Files\Java\jdk-18\bin\java.dll

dbghelp: loaded successfully - version: 4.0.5 - missing functions: none
symbol engine: initialized successfully - sym options: 0x614 - pdb path: .;C:\Program Files\Java\jdk-18\bin;C:\WINDOWS\SYSTEM32;C:\WINDOWS\WinSxS\amd64_microsoft.windows.common-controls_6595b64144ccf1df_6.0.26100.8115_none_3e075c82e3354f9c;C:\Program Files\Java\jdk-18\bin\server

VM Arguments:
jvm_args: -javaagent:C:\Program Files\JetBrains\IntelliJ IDEA Educational Edition 2022.2.2\lib\idea_rt.jar=62278:C:\Program Files\JetBrains\IntelliJ IDEA Educational Edition 2022.2.2\bin -Dfile.encoding=UTF-8 -Dsun.stdout.encoding=UTF-8 -Dsun.stderr.encoding=UTF-8 
java_command: com.dsa.array.slindingWindow.RemoveDuplicateSequncy
java_class_path (initial): C:\DSA-FAANG\out\production\DSA-FAANG
Launcher Type: SUN_STANDARD

[Global flags]
     intx CICompilerCount                          = 4                                         {product} {ergonomic}
     uint ConcGCThreads                            = 3                                         {product} {ergonomic}
     uint G1ConcRefinementThreads                  = 10                                        {product} {ergonomic}
   size_t G1HeapRegionSize                         = 1048576                                   {product} {ergonomic}
    uintx GCDrainStackTargetSize                   = 64                                        {product} {ergonomic}
   size_t InitialHeapSize                          = 123731968                                 {product} {ergonomic}
   size_t MarkStackSize                            = 4194304                                   {product} {ergonomic}
   size_t MaxHeapSize                              = 1973420032                                {product} {ergonomic}
   size_t MinHeapDeltaBytes                        = 1048576                                   {product} {ergonomic}
   size_t MinHeapSize                              = 8388608                                   {product} {ergonomic}
    uintx NonNMethodCodeHeapSize                   = 5839372                                {pd product} {ergonomic}
    uintx NonProfiledCodeHeapSize                  = 122909434                              {pd product} {ergonomic}
    uintx ProfiledCodeHeapSize                     = 122909434                              {pd product} {ergonomic}
    uintx ReservedCodeCacheSize                    = 251658240                              {pd product} {ergonomic}
     bool SegmentedCodeCache                       = true                                      {product} {ergonomic}
   size_t SoftMaxHeapSize                          = 1973420032                             {manageable} {ergonomic}
     bool UseCompressedClassPointers               = true                           {product lp64_product} {ergonomic}
     bool UseCompressedOops                        = true                           {product lp64_product} {ergonomic}
     bool UseG1GC                                  = true                                      {product} {ergonomic}
     bool UseLargePagesIndividualAllocation        = false                                  {pd product} {ergonomic}

Logging:
Log output configuration:
 #0: stdout all=warning uptime,level,tags foldmultilines=false
 #1: stderr all=off uptime,level,tags foldmultilines=false

Environment Variables:
JAVA_HOME=C:\Program Files\Java\jdk-18
PATH=C:\kafka_2.13-3.8.0\bin\windows;C:\Python310\Scripts\;C:\Python310\;C:\Program Files\Java\jdk-18\bin;C:\apache-maven-3.8.5-bin\apache-maven-3.8.5\bin;C:\Program Files\Common Files\Oracle\Java\javapath;C:\windows\system32;C:\windows;C:\windows\System32\Wbem;C:\windows\System32\WindowsPowerShell\v1.0\;C:\windows\System32\OpenSSH\;C:\Program Files (x86)\NVIDIA Corporation\PhysX\Common;C:\Program Files\NVIDIA Corporation\NVIDIA NvDLISR;C:\WINDOWS\system32;C:\WINDOWS;C:\WINDOWS\System32\Wbem;C:\WINDOWS\System32\WindowsPowerShell\v1.0\;C:\WINDOWS\System32\OpenSSH\;C:\Program Files\Git\cmd;C:\Program Files (x86)\PuTTY\;C:\Program Files\Amazon\AWSCLIV2\;C:\ProgramData\chocolatey\bin;C:\Program Files\nodejs\;C:\mongo\mongodb-windows-x86_64-5.0.7\mongodb-win32-x86_64-windows-5.0.7\bin;C:\kafka_2.13-3.8.0 \bin\windows;%SystemRoot%\system32;%SystemRoot%;%SystemRoot%\System32\Wbem;%SYSTEMROOT%\System32\WindowsPowerShell\v1.0\;%SYSTEMROOT%\System32\OpenSSH\;C:\Program Files\MySQL\MySQL Shell 8.0\bin\;C:\env\kafaka\kafka_2.12-3.2.0\kafka_2.12-3.2.0\bin\windows;C:\Users\GANESH PARIDA\AppData\Local\Microsoft\WindowsApps;C:\Program Files\JetBrains\IntelliJ IDEA Community Edition 2021.3.2\bin;;C:\Program Files\JetBrains\IntelliJ IDEA 2021.3.2\bin;;C:\Users\GANESH PARIDA\AppData\Local\Programs\Microsoft VS Code\bin;C:\Users\GANESH PARIDA\AppData\Roaming\npm;C:\Program Files\JetBrains\IntelliJ IDEA Educational Edition 2022.2.2\bin;;
USERNAME=GANESH PARIDA
OS=Windows_NT
PROCESSOR_IDENTIFIER=AMD64 Family 25 Model 80 Stepping 0, AuthenticAMD



---------------  S Y S T E M  ---------------

OS:
 Windows 11 , 64 bit Build 26100 (10.0.26100.8246)
OS uptime: 6 days 21:37 hours
Hyper-V role detected

CPU: total 12 (initial active 12) (12 cores per cpu, 2 threads per core) family 25 model 80 stepping 0 microcode 0xa50000d, cx8, cmov, fxsr, ht, mmx, 3dnowpref, sse, sse2, sse3, ssse3, sse4a, sse4.1, sse4.2, popcnt, lzcnt, tsc, tscinvbit, avx, avx2, aes, erms, clmul, bmi1, bmi2, adx, sha, fma, vzeroupper, clflush, clflushopt, hv

Memory: 4k page, system-wide physical 7521M (519M free)
TotalPageFile size 31073M (AvailPageFile size 112M)
current process WorkingSet (physical memory assigned to process): 12M, peak: 12M
current process commit charge ("private bytes"): 64M, peak: 182M

vm_info: Java HotSpot(TM) 64-Bit Server VM (18+36-2087) for windows-amd64 JRE (18+36-2087), built on Feb 15 2022 09:43:11 by "mach5one" with MS VC++ 16.8 / 16.9 (VS2019)

END.
